{"numFailedTestSuites":0,"numFailedTests":0,"numPassedTestSuites":1,"numPassedTests":11,"numPendingTestSuites":0,"numPendingTests":0,"numRuntimeErrorTestSuites":0,"numTodoTests":0,"numTotalTestSuites":1,"numTotalTests":11,"openHandles":[],"snapshot":{"added":0,"didUpdate":false,"failure":false,"filesAdded":0,"filesRemoved":0,"filesRemovedList":[],"filesUnmatched":0,"filesUpdated":0,"matched":0,"total":0,"unchecked":0,"uncheckedKeysByFile":[],"unmatched":0,"updated":0},"startTime":1764278605464,"success":true,"testResults":[{"assertionResults":[{"ancestorTitles":["Fingerprint Validation Property Tests"],"duration":45,"failureDetails":[],"failureMessages":[],"fullName":"Fingerprint Validation Property Tests Property 29: Consistent fingerprints pass validation","invocations":1,"location":null,"numPassingAsserts":300,"retryReasons":[],"status":"passed","title":"Property 29: Consistent fingerprints pass validation"},{"ancestorTitles":["Fingerprint Validation Property Tests"],"duration":15,"failureDetails":[],"failureMessages":[],"fullName":"Fingerprint Validation Property Tests Property 29: User-Agent/Platform mismatch is detected","invocations":1,"location":null,"numPassingAsserts":150,"retryReasons":[],"status":"passed","title":"Property 29: User-Agent/Platform mismatch is detected"},{"ancestorTitles":["Fingerprint Validation Property Tests"],"duration":17,"failureDetails":[],"failureMessages":[],"fullName":"Fingerprint Validation Property Tests Property 29: WebGL/Platform mismatch is detected","invocations":1,"location":null,"numPassingAsserts":150,"retryReasons":[],"status":"passed","title":"Property 29: WebGL/Platform mismatch is detected"},{"ancestorTitles":["Fingerprint Validation Property Tests"],"duration":10,"failureDetails":[],"failureMessages":[],"fullName":"Fingerprint Validation Property Tests Property 29: Unreasonable screen resolution is detected","invocations":1,"location":null,"numPassingAsserts":50,"retryReasons":[],"status":"passed","title":"Property 29: Unreasonable screen resolution is detected"},{"ancestorTitles":["Fingerprint Validation Property Tests"],"duration":10,"failureDetails":[],"failureMessages":[],"fullName":"Fingerprint Validation Property Tests Property 29: Unreasonable CPU/Memory combination is detected","invocations":1,"location":null,"numPassingAsserts":50,"retryReasons":[],"status":"passed","title":"Property 29: Unreasonable CPU/Memory combination is detected"},{"ancestorTitles":["Fingerprint Validation Property Tests"],"duration":19,"failureDetails":[],"failureMessages":[],"fullName":"Fingerprint Validation Property Tests Property 29: isConsistent matches validate result","invocations":1,"location":null,"numPassingAsserts":100,"retryReasons":[],"status":"passed","title":"Property 29: isConsistent matches validate result"},{"ancestorTitles":["Fingerprint Validation Property Tests"],"duration":19,"failureDetails":[],"failureMessages":[],"fullName":"Fingerprint Validation Property Tests Property 29: Consistency score is bounded 0-100","invocations":1,"location":null,"numPassingAsserts":200,"retryReasons":[],"status":"passed","title":"Property 29: Consistency score is bounded 0-100"},{"ancestorTitles":["Fingerprint Validation Property Tests"],"duration":9,"failureDetails":[],"failureMessages":[],"fullName":"Fingerprint Validation Property Tests Property 29: AutoFix improves or maintains validity","invocations":1,"location":null,"numPassingAsserts":71,"retryReasons":[],"status":"passed","title":"Property 29: AutoFix improves or maintains validity"},{"ancestorTitles":["Fingerprint Validation Edge Cases"],"duration":2,"failureDetails":[],"failureMessages":[],"fullName":"Fingerprint Validation Edge Cases Real mode configurations pass validation","invocations":1,"location":null,"numPassingAsserts":1,"retryReasons":[],"status":"passed","title":"Real mode configurations pass validation"},{"ancestorTitles":["Fingerprint Validation Edge Cases"],"duration":2,"failureDetails":[],"failureMessages":[],"fullName":"Fingerprint Validation Edge Cases Direct3D on MacOS is detected as invalid","invocations":1,"location":null,"numPassingAsserts":2,"retryReasons":[],"status":"passed","title":"Direct3D on MacOS is detected as invalid"},{"ancestorTitles":["Fingerprint Validation Edge Cases"],"duration":1,"failureDetails":[],"failureMessages":[],"fullName":"Fingerprint Validation Edge Cases Suggestions are provided for invalid fingerprints","invocations":1,"location":null,"numPassingAsserts":2,"retryReasons":[],"status":"passed","title":"Suggestions are provided for invalid fingerprints"}],"endTime":1764278607989,"message":"","name":"E:\\WhatsApps\\WhatsApp 11.19\\test\\property\\fingerprint-validation.property.test.ts","startTime":1764278605535,"status":"passed","summary":""}],"wasInterrupted":false}
