{"numFailedTestSuites":0,"numFailedTests":0,"numPassedTestSuites":1,"numPassedTests":16,"numPendingTestSuites":0,"numPendingTests":0,"numRuntimeErrorTestSuites":0,"numTodoTests":0,"numTotalTestSuites":1,"numTotalTests":16,"openHandles":[],"snapshot":{"added":0,"didUpdate":false,"failure":false,"filesAdded":0,"filesRemoved":0,"filesRemovedList":[],"filesUnmatched":0,"filesUpdated":0,"matched":0,"total":0,"unchecked":0,"uncheckedKeysByFile":[],"unmatched":0,"updated":0},"startTime":1765216698414,"success":true,"testResults":[{"assertionResults":[{"ancestorTitles":["Utils Property Tests","Property 17: 模板标签长度限制"],"duration":134,"failureDetails":[],"failureMessages":[],"fullName":"Utils Property Tests Property 17: 模板标签长度限制 should reject labels exceeding max length","invocations":1,"location":null,"numPassingAsserts":200,"retryReasons":[],"status":"passed","title":"should reject labels exceeding max length"},{"ancestorTitles":["Utils Property Tests","Property 17: 模板标签长度限制"],"duration":15,"failureDetails":[],"failureMessages":[],"fullName":"Utils Property Tests Property 17: 模板标签长度限制 should accept labels within max length","invocations":1,"location":null,"numPassingAsserts":200,"retryReasons":[],"status":"passed","title":"should accept labels within max length"},{"ancestorTitles":["Utils Property Tests","Property 17: 模板标签长度限制"],"duration":59,"failureDetails":[],"failureMessages":[],"fullName":"Utils Property Tests Property 17: 模板标签长度限制 should reject empty or whitespace-only labels","invocations":1,"location":null,"numPassingAsserts":200,"retryReasons":[],"status":"passed","title":"should reject empty or whitespace-only labels"},{"ancestorTitles":["Utils Property Tests","Property 17: 模板标签长度限制"],"duration":13,"failureDetails":[],"failureMessages":[],"fullName":"Utils Property Tests Property 17: 模板标签长度限制 should trim whitespace from labels","invocations":1,"location":null,"numPassingAsserts":100,"retryReasons":[],"status":"passed","title":"should trim whitespace from labels"},{"ancestorTitles":["Utils Property Tests","Property 18: 媒体文件大小验证"],"duration":63,"failureDetails":[],"failureMessages":[],"fullName":"Utils Property Tests Property 18: 媒体文件大小验证 should reject image files exceeding size limit","invocations":1,"location":null,"numPassingAsserts":200,"retryReasons":[],"status":"passed","title":"should reject image files exceeding size limit"},{"ancestorTitles":["Utils Property Tests","Property 18: 媒体文件大小验证"],"duration":6,"failureDetails":[],"failureMessages":[],"fullName":"Utils Property Tests Property 18: 媒体文件大小验证 should accept image files within size limit","invocations":1,"location":null,"numPassingAsserts":100,"retryReasons":[],"status":"passed","title":"should accept image files within size limit"},{"ancestorTitles":["Utils Property Tests","Property 18: 媒体文件大小验证"],"duration":33,"failureDetails":[],"failureMessages":[],"fullName":"Utils Property Tests Property 18: 媒体文件大小验证 should reject audio files exceeding size limit","invocations":1,"location":null,"numPassingAsserts":100,"retryReasons":[],"status":"passed","title":"should reject audio files exceeding size limit"},{"ancestorTitles":["Utils Property Tests","Property 18: 媒体文件大小验证"],"duration":42,"failureDetails":[],"failureMessages":[],"fullName":"Utils Property Tests Property 18: 媒体文件大小验证 should reject video files exceeding size limit","invocations":1,"location":null,"numPassingAsserts":100,"retryReasons":[],"status":"passed","title":"should reject video files exceeding size limit"},{"ancestorTitles":["Utils Property Tests","Property 18: 媒体文件大小验证"],"duration":64,"failureDetails":[],"failureMessages":[],"fullName":"Utils Property Tests Property 18: 媒体文件大小验证 should reject unsupported file types","invocations":1,"location":null,"numPassingAsserts":200,"retryReasons":[],"status":"passed","title":"should reject unsupported file types"},{"ancestorTitles":["Utils Property Tests","Property 6: 搜索结果包含匹配项"],"duration":39,"failureDetails":[],"failureMessages":[],"fullName":"Utils Property Tests Property 6: 搜索结果包含匹配项 all search results should contain the keyword","invocations":1,"location":null,"numPassingAsserts":564,"retryReasons":[],"status":"passed","title":"all search results should contain the keyword"},{"ancestorTitles":["Utils Property Tests","Property 6: 搜索结果包含匹配项"],"duration":43,"failureDetails":[],"failureMessages":[],"fullName":"Utils Property Tests Property 6: 搜索结果包含匹配项 empty keyword should return all templates","invocations":1,"location":null,"numPassingAsserts":100,"retryReasons":[],"status":"passed","title":"empty keyword should return all templates"},{"ancestorTitles":["Utils Property Tests","Property 7: 分组搜索包含子项"],"duration":43,"failureDetails":[],"failureMessages":[],"fullName":"Utils Property Tests Property 7: 分组搜索包含子项 searching by group name should return all templates in that group","invocations":1,"location":null,"numPassingAsserts":555,"retryReasons":[],"status":"passed","title":"searching by group name should return all templates in that group"},{"ancestorTitles":["Utils Property Tests","Property 7: 分组搜索包含子项"],"duration":60,"failureDetails":[],"failureMessages":[],"fullName":"Utils Property Tests Property 7: 分组搜索包含子项 getTemplatesInGroupHierarchy should include subgroup templates","invocations":1,"location":null,"numPassingAsserts":694,"retryReasons":[],"status":"passed","title":"getTemplatesInGroupHierarchy should include subgroup templates"},{"ancestorTitles":["Utils Property Tests","Additional Validation Properties"],"duration":7,"failureDetails":[],"failureMessages":[],"fullName":"Utils Property Tests Additional Validation Properties sanitizeHtml should escape all HTML special characters","invocations":1,"location":null,"numPassingAsserts":38,"retryReasons":[],"status":"passed","title":"sanitizeHtml should escape all HTML special characters"},{"ancestorTitles":["Utils Property Tests","Additional Validation Properties"],"duration":14,"failureDetails":[],"failureMessages":[],"fullName":"Utils Property Tests Additional Validation Properties cleanInput should normalize whitespace","invocations":1,"location":null,"numPassingAsserts":200,"retryReasons":[],"status":"passed","title":"cleanInput should normalize whitespace"},{"ancestorTitles":["Utils Property Tests","Additional Validation Properties"],"duration":123,"failureDetails":[],"failureMessages":[],"fullName":"Utils Property Tests Additional Validation Properties validateTextContent should reject content exceeding limit","invocations":1,"location":null,"numPassingAsserts":200,"retryReasons":[],"status":"passed","title":"validateTextContent should reject content exceeding limit"}],"endTime":1765216699671,"message":"","name":"E:\\WhatsApps\\WhatsApp 11.19\\src\\quick-reply\\__tests__\\utils.property.test.js","startTime":1765216698474,"status":"passed","summary":""}],"wasInterrupted":false}
